<?xml version="1.0" encoding="UTF-8"?>
<!-- Generated by org.testng.reporters.JUnitXMLReporter -->
<testsuite ignored="4" hostname="DESKTOP-4OS8EDF" failures="0" tests="9" name="Test" time="0.311" errors="0" timestamp="2023-07-12T08:48:31 IST">
  <testcase classname="com.actitime.testscript.ProjectModule" name="createProject" time="0.016"/>
  <testcase classname="com.actitime.testscript.ProjectModule" name="deleteProject" time="0.007"/>
  <testcase classname="com.actitime.testscript.ProjectModule" name="modifyProject" time="0.005"/>
  <testcase classname="com.actitime.testscript.CustomerModule" name="createCustomer" time="0.006"/>
  <testcase classname="com.actitime.testscript.CustomerModule" name="deleteCustomer" time="0.005"/>
  <testcase classname="com.actitime.testscript.CustomerModule" name="modifyCustomer" time="0.014"/>
  <testcase classname="com.actitime.testscript.TaskModule" name="createTask" time="0.005"/>
  <testcase classname="com.actitime.testscript.TaskModule" name="deleteTask" time="0.005"/>
  <testcase classname="com.actitime.testscript.TaskModule" name="modifyTask" time="0.004"/>
  <testcase classname="com.actitime.generic.BaseClass" name="@BeforeTest openBrowser" time="0.0">
    <ignored/>
  </testcase> <!-- @BeforeTest openBrowser -->
  <testcase classname="com.actitime.generic.BaseClass" name="@BeforeTest openBrowser" time="0.0">
    <ignored/>
  </testcase> <!-- @BeforeTest openBrowser -->
  <testcase classname="com.actitime.generic.BaseClass" name="@AfterTest closeBrowser" time="0.0">
    <ignored/>
  </testcase> <!-- @AfterTest closeBrowser -->
  <testcase classname="com.actitime.generic.BaseClass" name="@AfterTest closeBrowser" time="0.0">
    <ignored/>
  </testcase> <!-- @AfterTest closeBrowser -->
</testsuite> <!-- Test -->
